[debug] [2021-01-21T06:43:45.489Z] ----------------------------------------------------------------------
[debug] [2021-01-21T06:43:45.499Z] Command:       C:\Program Files (x86)\nodejs\node.exe C:\Users\Admin\AppData\Roaming\npm\node_modules\firebase-tools\lib\bin\firebase.js init
[debug] [2021-01-21T06:43:45.501Z] CLI Version:   9.2.1
[debug] [2021-01-21T06:43:45.501Z] Platform:      win32
[debug] [2021-01-21T06:43:45.502Z] Node Version:  v14.15.3
[debug] [2021-01-21T06:43:45.507Z] Time:          Thu Jan 21 2021 09:43:45 GMT+0300 (East Africa Time)
[debug] [2021-01-21T06:43:45.508Z] ----------------------------------------------------------------------
[debug] [2021-01-21T06:43:45.509Z] 
[debug] [2021-01-21T06:43:45.519Z] >>> [apiv2][query] GET https://firebase-public.firebaseio.com/cli.json [none]
[debug] [2021-01-21T06:43:45.650Z] > command requires scopes: ["email","openid","https://www.googleapis.com/auth/cloudplatformprojects.readonly","https://www.googleapis.com/auth/firebase","https://www.googleapis.com/auth/cloud-platform"]
[debug] [2021-01-21T06:43:45.652Z] > authorizing via signed-in user
[info] 
     ######## #### ########  ######## ########     ###     ######  ########
     ##        ##  ##     ## ##       ##     ##  ##   ##  ##       ##
     ######    ##  ########  ######   ########  #########  ######  ######
     ##        ##  ##    ##  ##       ##     ## ##     ##       ## ##
     ##       #### ##     ## ######## ########  ##     ##  ######  ########

You're about to initialize a Firebase project in this directory:

  C:\Users\Admin\Airbnb-clone

[debug] [2021-01-21T06:43:46.962Z] <<< [apiv2][status] GET https://firebase-public.firebaseio.com/cli.json 200
[debug] [2021-01-21T06:43:46.963Z] <<< [apiv2][body] GET https://firebase-public.firebaseio.com/cli.json {"cloudBuildErrorAfter":1594252800000,"cloudBuildWarnAfter":1590019200000,"defaultNode10After":1594252800000,"minVersion":"3.0.5","node8DeploysDisabledAfter":1613390400000,"node8RuntimeDisabledAfter":1615809600000,"node8WarnAfter":1600128000000}
